SF:lib\common\exception.dart
DA:6,4
LF:1
LH:1
end_of_record
SF:lib\data\datasources\movie_local_data_source.dart
DA:15,1
DA:17,1
DA:20,2
DA:23,2
DA:27,1
DA:30,3
DA:33,2
DA:37,1
DA:39,2
DA:41,1
DA:47,1
DA:49,2
DA:50,4
LF:13
LH:13
end_of_record
SF:lib\data\models\movie_table.dart
DA:12,3
DA:19,2
DA:20,1
DA:21,1
DA:22,1
DA:23,1
DA:26,2
DA:27,1
DA:28,1
DA:29,1
DA:30,1
DA:33,0
DA:34,0
DA:35,0
DA:36,0
DA:37,0
DA:38,0
DA:41,2
DA:42,1
DA:43,1
DA:44,1
DA:45,1
DA:48,2
DA:49,10
LF:24
LH:18
end_of_record
SF:lib\data\models\tv_series_table.dart
DA:12,2
DA:19,2
DA:20,1
DA:21,1
DA:22,1
DA:23,1
DA:26,2
DA:27,1
DA:28,1
DA:29,1
DA:30,1
DA:33,0
DA:34,0
DA:35,0
DA:36,0
DA:37,0
DA:38,0
DA:41,2
DA:42,1
DA:43,1
DA:44,1
DA:45,1
DA:48,2
DA:49,10
LF:24
LH:18
end_of_record
SF:lib\domain\entities\genre.dart
DA:4,10
DA:12,4
DA:13,12
LF:3
LH:3
end_of_record
SF:lib\domain\entities\movie.dart
DA:5,13
DA:21,1
DA:42,8
DA:43,8
DA:44,8
DA:45,8
DA:46,8
DA:47,8
DA:48,8
DA:49,8
DA:50,8
DA:51,8
DA:52,8
DA:53,8
DA:54,8
DA:55,8
DA:56,8
LF:17
LH:17
end_of_record
SF:lib\domain\entities\movie_detail.dart
DA:5,6
DA:33,2
DA:34,2
DA:35,2
DA:36,2
DA:37,2
DA:38,2
DA:39,2
DA:40,2
DA:41,2
DA:42,2
DA:43,2
DA:44,2
DA:45,2
LF:14
LH:14
end_of_record
SF:lib\domain\entities\tv_series.dart
DA:5,13
DA:16,1
DA:32,8
DA:33,8
DA:34,8
DA:35,8
DA:36,8
DA:37,8
DA:38,8
DA:39,8
DA:40,8
DA:41,8
LF:12
LH:12
end_of_record
SF:lib\domain\entities\tv_series_detail.dart
DA:20,6
DA:36,2
DA:37,2
DA:38,2
DA:39,2
DA:40,2
DA:41,2
DA:42,2
DA:43,2
DA:44,2
DA:45,2
DA:46,2
DA:47,2
DA:48,2
DA:49,2
DA:50,2
DA:51,2
LF:17
LH:17
end_of_record
SF:lib\common\failure.dart
DA:6,13
DA:8,2
DA:9,4
DA:13,26
DA:17,4
DA:21,4
DA:25,0
LF:7
LH:6
end_of_record
SF:lib\common\ssl.dart
DA:8,0
DA:9,0
DA:10,0
DA:11,0
DA:15,0
DA:16,0
DA:17,0
DA:18,0
DA:19,0
DA:20,0
LF:10
LH:0
end_of_record
SF:lib\data\datasources\db\database_helper.dart
DA:9,0
DA:13,0
DA:17,0
DA:19,0
DA:26,0
DA:27,0
DA:28,0
DA:30,0
DA:34,0
DA:35,0
DA:43,0
DA:46,0
DA:47,0
DA:48,0
DA:51,0
DA:52,0
DA:53,0
DA:56,0
DA:57,0
DA:58,0
DA:61,0
DA:65,0
DA:66,0
DA:67,0
DA:70,0
DA:73,0
DA:74,0
DA:80,0
DA:81,0
DA:82,0
DA:89,0
DA:90,0
DA:92,0
LF:33
LH:0
end_of_record
SF:lib\data\datasources\movie_remote_data_source.dart
DA:24,1
DA:26,1
DA:29,4
DA:31,2
DA:32,4
DA:34,1
DA:38,1
DA:41,4
DA:43,2
DA:44,3
DA:46,1
DA:50,1
DA:52,1
DA:53,3
DA:55,2
DA:56,4
DA:58,1
DA:62,1
DA:65,4
DA:67,2
DA:68,4
DA:70,1
DA:74,1
DA:77,4
DA:79,2
DA:80,4
DA:82,1
DA:86,1
DA:88,1
DA:89,3
DA:91,2
DA:92,4
DA:94,1
LF:33
LH:33
end_of_record
SF:lib\data\datasources\tv_series_local_data_source.dart
DA:16,1
DA:18,0
DA:20,0
DA:21,0
DA:24,1
DA:27,2
DA:30,2
DA:34,1
DA:36,2
DA:38,1
DA:44,1
DA:47,3
DA:50,2
LF:13
LH:10
end_of_record
SF:lib\data\datasources\tv_series_remote_data_source.dart
DA:26,1
DA:28,1
DA:30,3
DA:31,2
DA:33,2
DA:34,4
DA:36,1
DA:40,1
DA:42,3
DA:43,2
DA:45,2
DA:46,4
DA:48,1
DA:52,1
DA:54,3
DA:55,2
DA:57,2
DA:58,4
DA:60,1
DA:64,1
DA:66,4
DA:68,2
DA:69,3
DA:71,1
DA:75,0
DA:77,0
DA:78,0
DA:80,0
DA:81,0
DA:83,0
DA:87,0
DA:89,0
DA:90,0
DA:92,0
DA:93,0
DA:95,0
LF:36
LH:24
end_of_record
SF:lib\data\models\movie_detail_model.dart
DA:6,2
DA:52,1
DA:53,1
DA:54,1
DA:55,1
DA:56,1
DA:57,1
DA:58,4
DA:59,1
DA:60,1
DA:61,1
DA:62,1
DA:63,1
DA:64,1
DA:65,2
DA:66,1
DA:67,1
DA:68,1
DA:69,1
DA:70,1
DA:71,1
DA:72,1
DA:73,1
DA:74,2
DA:75,1
DA:78,0
DA:79,0
DA:80,0
DA:81,0
DA:82,0
DA:83,0
DA:84,0
DA:85,0
DA:86,0
DA:87,0
DA:88,0
DA:89,0
DA:90,0
DA:91,0
DA:92,0
DA:93,0
DA:94,0
DA:95,0
DA:96,0
DA:97,0
DA:98,0
DA:99,0
DA:102,1
DA:103,1
DA:104,1
DA:105,1
DA:106,5
DA:107,1
DA:108,1
DA:109,1
DA:110,1
DA:111,1
DA:112,1
DA:113,1
DA:114,1
DA:115,1
DA:119,1
DA:120,1
DA:121,1
DA:122,1
DA:123,1
DA:124,1
DA:125,1
DA:126,1
DA:127,1
DA:128,1
DA:129,1
DA:130,1
DA:131,1
DA:132,1
DA:133,1
DA:134,1
DA:135,1
DA:136,1
DA:137,1
DA:138,1
DA:139,1
DA:140,1
DA:141,1
LF:84
LH:62
end_of_record
SF:lib\data\models\movie_model.dart
DA:5,4
DA:35,4
DA:36,2
DA:37,2
DA:38,8
DA:39,2
DA:40,2
DA:41,2
DA:42,4
DA:43,2
DA:44,2
DA:45,2
DA:46,2
DA:47,4
DA:48,2
DA:51,2
DA:52,1
DA:53,1
DA:54,4
DA:55,1
DA:56,1
DA:57,1
DA:58,1
DA:59,1
DA:60,1
DA:61,1
DA:62,1
DA:63,1
DA:64,1
DA:67,2
DA:68,2
DA:69,2
DA:70,2
DA:71,2
DA:72,2
DA:73,2
DA:74,2
DA:75,2
DA:76,2
DA:77,2
DA:78,2
DA:79,2
DA:80,2
DA:81,2
DA:85,2
DA:86,2
DA:87,2
DA:88,2
DA:89,2
DA:90,2
DA:91,2
DA:92,2
DA:93,2
DA:94,2
DA:95,2
DA:96,2
DA:97,2
DA:98,2
DA:99,2
LF:59
LH:59
end_of_record
SF:lib\data\models\tv_series_detail_model.dart
DA:22,2
DA:38,1
DA:39,1
DA:40,1
DA:41,1
DA:42,4
DA:43,1
DA:44,1
DA:45,1
DA:46,1
DA:47,1
DA:48,1
DA:49,1
DA:50,1
DA:51,1
DA:52,1
DA:53,1
DA:54,1
DA:57,0
DA:58,0
DA:59,0
DA:60,0
DA:61,0
DA:62,0
DA:63,0
DA:64,0
DA:65,0
DA:66,0
DA:67,0
DA:68,0
DA:69,0
DA:70,0
DA:71,0
DA:74,1
DA:75,1
DA:76,5
DA:77,1
DA:78,1
DA:79,1
DA:80,1
DA:81,1
DA:82,1
DA:83,1
DA:84,1
DA:85,1
DA:86,1
DA:87,1
DA:88,1
DA:91,1
DA:92,1
DA:93,1
DA:94,1
DA:95,1
DA:96,1
DA:97,1
DA:98,1
DA:99,1
DA:100,1
DA:101,1
DA:102,1
DA:103,1
DA:104,1
DA:105,1
DA:106,1
LF:64
LH:49
end_of_record
SF:lib\data\models\tv_series_model.dart
DA:14,4
DA:25,4
DA:26,2
DA:27,4
DA:28,2
DA:29,2
DA:30,4
DA:31,2
DA:32,2
DA:33,2
DA:36,2
DA:37,1
DA:38,1
DA:39,1
DA:40,1
DA:41,1
DA:42,1
DA:43,4
DA:44,1
DA:47,2
DA:48,2
DA:49,2
DA:50,2
DA:51,2
DA:52,2
DA:53,2
DA:54,2
DA:55,2
DA:56,2
DA:60,2
DA:61,2
DA:62,2
DA:63,2
DA:64,2
DA:65,2
DA:66,2
DA:67,2
DA:68,2
DA:69,2
LF:39
LH:39
end_of_record
SF:lib\data\models\movie_response.dart
DA:7,2
DA:9,4
DA:10,4
DA:11,6
DA:12,6
DA:15,2
DA:16,5
DA:19,1
DA:20,2
LF:9
LH:9
end_of_record
SF:lib\data\models\tv_series_response.dart
DA:7,2
DA:9,2
DA:10,2
DA:11,4
DA:12,6
DA:13,6
DA:16,2
DA:17,5
DA:20,1
DA:21,2
LF:10
LH:10
end_of_record
SF:lib\data\models\genre_model.dart
DA:5,4
DA:13,4
DA:14,2
DA:15,2
DA:18,0
DA:19,0
DA:20,0
DA:23,2
DA:24,6
DA:27,2
DA:28,6
LF:11
LH:8
end_of_record
SF:lib\data\repositories\movie_repository_impl.dart
DA:17,1
DA:22,1
DA:25,2
DA:26,5
DA:27,1
DA:28,2
DA:29,1
DA:30,2
DA:31,0
DA:32,0
DA:36,1
DA:39,2
DA:40,2
DA:41,1
DA:42,2
DA:43,1
DA:44,2
DA:45,0
DA:46,0
DA:50,1
DA:53,2
DA:54,3
DA:55,1
DA:56,2
DA:57,1
DA:58,2
DA:59,0
DA:60,0
DA:64,1
DA:67,2
DA:68,5
DA:69,1
DA:70,2
DA:71,1
DA:72,2
DA:73,0
DA:74,0
DA:78,1
DA:81,2
DA:82,5
DA:83,1
DA:84,2
DA:85,1
DA:86,2
DA:87,0
DA:88,0
DA:92,1
DA:95,2
DA:96,5
DA:97,1
DA:98,2
DA:99,1
DA:100,2
DA:101,0
DA:102,0
DA:106,1
DA:110,3
DA:111,1
DA:112,1
DA:113,3
DA:114,0
DA:115,0
DA:121,1
DA:125,3
DA:126,1
DA:127,1
DA:128,3
DA:129,0
DA:130,0
DA:134,1
DA:136,2
DA:140,1
DA:142,2
DA:143,5
LF:74
LH:58
end_of_record
SF:lib\data\repositories\tv_series_repository_implement.dart
DA:18,1
DA:21,1
DA:24,2
DA:25,5
DA:26,1
DA:27,2
DA:28,1
DA:29,2
DA:30,0
DA:31,0
DA:35,1
DA:38,2
DA:39,5
DA:40,1
DA:41,2
DA:42,1
DA:43,2
DA:44,0
DA:45,0
DA:49,1
DA:52,2
DA:53,5
DA:54,1
DA:55,2
DA:56,1
DA:57,2
DA:58,0
DA:59,0
DA:63,1
DA:66,2
DA:67,2
DA:68,1
DA:69,2
DA:70,1
DA:71,2
DA:72,0
DA:73,0
DA:77,1
DA:81,2
DA:82,3
DA:83,1
DA:84,2
DA:85,1
DA:86,2
DA:87,0
DA:88,0
DA:92,1
DA:95,2
DA:96,5
DA:97,1
DA:98,2
DA:99,1
DA:100,2
DA:101,0
DA:102,0
DA:106,1
DA:110,1
DA:111,2
DA:112,1
DA:113,1
DA:114,3
DA:115,0
DA:116,0
DA:122,1
DA:124,2
DA:125,5
DA:128,1
DA:130,2
DA:134,1
DA:138,1
DA:139,2
DA:140,1
DA:141,1
DA:142,3
DA:143,0
DA:144,0
LF:76
LH:60
end_of_record
SF:lib\domain\usecases\get_movie_detail.dart
DA:9,1
DA:11,1
DA:12,2
LF:3
LH:3
end_of_record
SF:lib\domain\usecases\get_movie_recommendations.dart
DA:9,1
DA:11,1
DA:12,2
LF:3
LH:3
end_of_record
SF:lib\domain\usecases\get_now_playing_movies.dart
DA:9,1
DA:11,1
DA:12,2
LF:3
LH:3
end_of_record
SF:lib\domain\usecases\get_on_air_tv_series.dart
DA:10,1
DA:12,1
DA:13,2
LF:3
LH:3
end_of_record
SF:lib\domain\usecases\get_popular_movies.dart
DA:9,1
DA:11,1
DA:12,2
LF:3
LH:3
end_of_record
SF:lib\domain\usecases\get_popular_tv_series.dart
DA:9,1
DA:11,1
DA:12,2
LF:3
LH:3
end_of_record
SF:lib\domain\usecases\get_top_rated_movies.dart
DA:9,1
DA:11,1
DA:12,2
LF:3
LH:3
end_of_record
SF:lib\domain\usecases\get_top_reted_tv_series.dart
DA:10,1
DA:12,1
DA:13,2
LF:3
LH:3
end_of_record
SF:lib\domain\usecases\get_tv_series_detail.dart
DA:10,1
DA:12,1
DA:13,2
LF:3
LH:3
end_of_record
SF:lib\domain\usecases\get_tv_series_recommendation.dart
DA:9,1
DA:11,1
DA:12,2
LF:3
LH:3
end_of_record
SF:lib\domain\usecases\get_watchlist_movies.dart
DA:9,1
DA:11,1
DA:12,2
LF:3
LH:3
end_of_record
SF:lib\domain\usecases\get_watchlist_status.dart
DA:8,1
DA:11,1
DA:12,2
DA:15,1
DA:16,2
LF:5
LH:5
end_of_record
SF:lib\domain\usecases\get_watchlist_tv_series.dart
DA:9,1
DA:11,1
DA:12,2
LF:3
LH:3
end_of_record
SF:lib\domain\usecases\remove_watchlist.dart
DA:12,1
DA:15,1
DA:16,2
DA:19,1
DA:21,2
LF:5
LH:5
end_of_record
SF:lib\domain\usecases\save_watchlist.dart
DA:12,1
DA:14,1
DA:15,2
DA:18,1
DA:20,2
LF:5
LH:5
end_of_record
SF:lib\domain\usecases\search_movies.dart
DA:9,1
DA:11,1
DA:12,2
LF:3
LH:3
end_of_record
SF:lib\domain\usecases\search_tv_series.dart
DA:10,1
DA:12,1
DA:13,2
LF:3
LH:3
end_of_record
SF:lib\presentation\bloc\movie_detail_state.dart
DA:4,2
DA:6,1
DA:7,1
DA:19,1
DA:21,1
DA:22,2
DA:28,2
DA:30,1
DA:31,2
DA:36,2
DA:38,1
DA:39,1
DA:47,2
DA:49,1
DA:50,2
DA:56,2
DA:58,1
DA:59,2
LF:18
LH:18
end_of_record
SF:lib\presentation\bloc\movie_detail_event.dart
DA:4,2
DA:6,0
DA:7,0
DA:13,2
DA:15,0
DA:16,0
DA:22,2
DA:24,0
DA:25,0
DA:31,0
DA:33,0
DA:34,0
DA:40,2
DA:42,0
DA:43,0
LF:15
LH:4
end_of_record
SF:lib\presentation\bloc\movie_detail_bloc.dart
DA:15,1
DA:17,2
DA:18,2
DA:19,2
DA:20,3
DA:22,2
DA:23,3
DA:24,1
DA:25,2
DA:39,1
DA:43,2
DA:44,2
DA:45,3
DA:47,1
DA:48,0
DA:49,0
DA:51,1
DA:52,2
DA:57,1
DA:58,0
DA:60,0
DA:61,0
DA:62,0
DA:64,0
DA:65,0
DA:70,2
DA:71,3
DA:72,2
LF:28
LH:20
end_of_record
SF:lib\presentation\bloc\movies_recomendation_state.dart
DA:4,2
DA:6,1
DA:7,1
DA:17,1
DA:19,1
DA:20,2
DA:26,2
DA:28,1
DA:29,2
LF:9
LH:9
end_of_record
SF:lib\presentation\bloc\movies_recomendation_event.dart
DA:4,2
DA:6,0
DA:7,0
DA:13,2
DA:15,0
DA:16,0
LF:6
LH:2
end_of_record
SF:lib\presentation\bloc\movies_recomendation_bloc.dart
DA:12,1
DA:13,2
DA:14,2
DA:15,2
DA:17,3
DA:19,2
DA:20,3
DA:21,1
DA:22,1
DA:23,2
DA:25,0
LF:11
LH:10
end_of_record
SF:lib\presentation\bloc\tv_detail_event.dart
DA:4,2
DA:6,0
DA:7,0
DA:12,2
DA:14,0
DA:15,0
DA:21,1
DA:23,0
DA:24,0
DA:30,0
DA:32,0
DA:33,0
DA:39,1
DA:41,0
DA:42,0
LF:15
LH:4
end_of_record
SF:lib\presentation\bloc\tv_detail_state.dart
DA:4,2
DA:6,1
DA:7,1
DA:19,1
DA:21,1
DA:22,2
DA:28,2
DA:30,1
DA:31,2
DA:36,1
DA:38,0
DA:39,0
DA:47,1
DA:49,0
DA:50,0
DA:56,1
DA:58,0
DA:59,0
LF:18
LH:12
end_of_record
SF:lib\presentation\bloc\tv_detail_bloc.dart
DA:16,3
DA:17,2
DA:18,2
DA:19,3
DA:21,2
DA:22,3
DA:23,1
DA:24,2
DA:39,0
DA:43,0
DA:44,0
DA:45,0
DA:47,0
DA:48,0
DA:49,0
DA:51,0
DA:52,0
DA:57,0
DA:58,0
DA:60,0
DA:61,0
DA:62,0
DA:64,0
DA:65,0
DA:70,0
DA:71,0
DA:72,0
LF:27
LH:8
end_of_record
SF:lib\presentation\bloc\tv_recomenndation_event.dart
DA:4,2
DA:6,0
DA:7,0
DA:12,2
DA:14,0
DA:15,0
LF:6
LH:2
end_of_record
SF:lib\presentation\bloc\tv_recomenndation_state.dart
DA:4,2
DA:6,1
DA:7,1
DA:19,1
DA:21,1
DA:22,2
DA:28,2
DA:30,1
DA:31,2
LF:9
LH:9
end_of_record
SF:lib\presentation\bloc\tv_recomenndation_bloc.dart
DA:12,1
DA:13,2
DA:14,2
DA:15,2
DA:16,3
DA:18,2
DA:19,3
DA:20,1
DA:21,2
LF:9
LH:9
end_of_record
SF:lib\presentation\bloc\now_playing_movie_event.dart
DA:4,1
DA:6,0
DA:7,0
LF:3
LH:1
end_of_record
SF:lib\presentation\bloc\now_playing_movie_state.dart
DA:4,1
DA:6,1
DA:7,1
DA:17,1
DA:19,1
DA:20,2
DA:26,1
DA:28,1
DA:29,2
LF:9
LH:9
end_of_record
SF:lib\presentation\bloc\now_playing_movie_bloc.dart
DA:13,1
DA:14,2
DA:15,2
DA:16,2
DA:18,2
DA:20,2
DA:21,3
DA:22,1
DA:23,2
LF:9
LH:9
end_of_record
SF:lib\presentation\bloc\on_air_tv_event.dart
DA:4,2
DA:6,0
DA:7,0
LF:3
LH:1
end_of_record
SF:lib\presentation\bloc\on_air_tv_state.dart
DA:4,2
DA:6,1
DA:7,1
DA:19,2
DA:21,1
DA:22,2
DA:28,2
DA:30,1
DA:31,2
LF:9
LH:9
end_of_record
SF:lib\presentation\bloc\on_air_tv_bloc.dart
DA:13,3
DA:14,2
DA:15,2
DA:17,2
DA:18,5
DA:19,3
LF:6
LH:6
end_of_record
SF:lib\presentation\bloc\popular_movie_state.dart
DA:4,2
DA:6,1
DA:7,1
DA:17,2
DA:19,1
DA:20,2
DA:26,2
DA:28,1
DA:29,2
LF:9
LH:9
end_of_record
SF:lib\presentation\bloc\popular_movie_bloc.dart
DA:11,1
DA:12,2
DA:13,2
DA:14,2
DA:16,2
DA:18,2
DA:19,3
DA:20,1
DA:21,2
LF:9
LH:9
end_of_record
SF:lib\presentation\bloc\popular_movie_event.dart
DA:4,2
DA:6,0
DA:7,0
LF:3
LH:1
end_of_record
SF:lib\presentation\bloc\popular_tv_state.dart
DA:4,2
DA:6,1
DA:7,1
DA:19,2
DA:21,1
DA:22,2
DA:28,2
DA:30,1
DA:31,2
LF:9
LH:9
end_of_record
SF:lib\presentation\bloc\popular_tv_bloc.dart
DA:12,1
DA:13,2
DA:14,2
DA:15,2
DA:17,2
DA:18,5
DA:19,3
LF:7
LH:7
end_of_record
SF:lib\presentation\bloc\popular_tv_event.dart
DA:4,2
DA:6,0
DA:7,0
LF:3
LH:1
end_of_record
SF:lib\presentation\bloc\search_state.dart
DA:4,2
DA:6,2
DA:7,2
DA:17,2
DA:19,2
DA:20,4
DA:26,1
DA:28,1
DA:29,2
DA:35,1
DA:37,1
DA:38,2
LF:12
LH:12
end_of_record
SF:lib\presentation\bloc\search_event.dart
DA:4,2
DA:6,0
DA:7,0
DA:13,2
DA:15,0
DA:16,0
LF:6
LH:2
end_of_record
SF:lib\presentation\bloc\search_movie_bloc.dart
DA:14,3
DA:15,1
DA:16,1
DA:17,1
DA:18,2
DA:19,2
DA:21,1
DA:22,1
DA:23,3
DA:25,1
DA:26,2
LF:11
LH:11
end_of_record
SF:lib\presentation\bloc\search_tv_bloc.dart
DA:8,3
DA:9,1
DA:10,1
DA:11,1
DA:12,2
DA:13,2
DA:15,1
DA:16,1
DA:17,3
DA:19,1
DA:20,2
LF:11
LH:11
end_of_record
SF:lib\presentation\bloc\top_rated_movies_bloc.dart
DA:12,1
DA:13,2
DA:14,2
DA:15,2
DA:17,2
DA:19,2
DA:20,3
DA:21,1
DA:22,2
LF:9
LH:9
end_of_record
SF:lib\presentation\bloc\top_rated_movies_event.dart
DA:4,2
DA:6,0
DA:7,0
LF:3
LH:1
end_of_record
SF:lib\presentation\bloc\top_rated_movies_state.dart
DA:4,2
DA:6,1
DA:7,1
DA:17,2
DA:19,1
DA:20,2
DA:26,2
DA:28,1
DA:29,2
LF:9
LH:9
end_of_record
SF:lib\presentation\bloc\top_rated_tv_event.dart
DA:4,1
DA:6,0
DA:7,0
LF:3
LH:1
end_of_record
SF:lib\presentation\bloc\top_rated_tv_bloc.dart
DA:12,1
DA:13,2
DA:14,2
DA:15,2
DA:16,2
DA:17,5
DA:18,3
LF:7
LH:7
end_of_record
SF:lib\presentation\bloc\top_rated_tv_state.dart
DA:4,1
DA:6,1
DA:7,1
DA:19,1
DA:21,1
DA:22,2
DA:28,1
DA:30,1
DA:31,2
LF:9
LH:9
end_of_record
SF:lib\presentation\bloc\watchlist_movie_state.dart
DA:4,2
DA:6,1
DA:7,1
DA:19,2
DA:21,1
DA:22,2
DA:28,2
DA:30,1
DA:31,2
LF:9
LH:9
end_of_record
SF:lib\presentation\bloc\watchlist_movie_bloc.dart
DA:13,1
DA:14,2
DA:15,2
DA:16,2
DA:17,2
DA:19,2
DA:20,3
DA:21,1
DA:22,2
LF:9
LH:9
end_of_record
SF:lib\presentation\bloc\watchlist_movie_event.dart
DA:4,2
DA:6,0
DA:7,0
LF:3
LH:1
end_of_record
SF:lib\presentation\bloc\watchlist_tv_state.dart
DA:4,2
DA:6,1
DA:7,1
DA:19,2
DA:21,1
DA:22,2
DA:28,2
DA:30,1
DA:31,2
LF:9
LH:9
end_of_record
SF:lib\presentation\bloc\watchlist_tv_bloc.dart
DA:12,1
DA:13,2
DA:14,2
DA:15,2
DA:16,2
DA:18,2
DA:19,3
DA:20,1
DA:21,2
LF:9
LH:9
end_of_record
SF:lib\presentation\bloc\watchlist_tv_event.dart
DA:4,2
DA:6,0
DA:7,0
LF:3
LH:1
end_of_record
SF:lib\presentation\pages\movie_detail_page.dart
DA:15,1
DA:17,1
DA:18,1
DA:22,1
DA:24,1
DA:25,6
DA:26,1
DA:27,1
DA:28,4
DA:29,6
DA:32,1
DA:34,2
DA:35,1
DA:36,1
DA:37,1
DA:38,2
DA:39,0
DA:40,0
DA:42,1
DA:43,1
DA:44,1
DA:45,1
DA:47,1
DA:48,1
DA:51,0
DA:52,0
DA:53,0
DA:54,0
DA:56,0
DA:68,1
DA:70,1
DA:72,3
DA:73,1
DA:74,1
DA:75,1
DA:76,3
DA:78,2
DA:79,1
DA:81,0
DA:83,1
DA:85,1
DA:86,1
DA:87,1
DA:88,1
DA:90,2
DA:97,1
DA:98,1
DA:99,1
DA:101,1
DA:103,1
DA:105,1
DA:106,1
DA:107,2
DA:108,1
DA:110,1
DA:111,1
DA:112,1
DA:114,1
DA:115,3
DA:118,0
DA:119,0
DA:121,1
DA:123,1
DA:124,1
DA:125,2
DA:134,1
DA:135,4
DA:137,1
DA:139,1
DA:140,1
DA:141,1
DA:142,1
DA:143,1
DA:147,1
DA:148,3
DA:150,1
DA:151,3
DA:153,1
DA:154,1
DA:155,1
DA:156,3
DA:158,2
DA:164,4
DA:167,1
DA:168,1
DA:170,1
DA:172,1
DA:173,2
DA:175,1
DA:176,1
DA:178,1
DA:180,1
DA:182,1
DA:183,1
DA:184,0
DA:185,0
DA:187,1
DA:188,0
DA:189,0
DA:192,1
DA:193,1
DA:195,1
DA:197,1
DA:198,2
DA:199,1
DA:201,1
DA:202,0
DA:203,0
DA:206,0
DA:209,1
DA:210,1
DA:211,1
DA:213,1
DA:215,2
DA:216,1
DA:217,1
DA:219,1
DA:222,0
DA:223,0
DA:229,2
DA:233,0
DA:241,1
DA:243,1
DA:258,1
DA:260,1
DA:263,1
DA:264,1
DA:265,0
DA:266,0
DA:275,1
DA:277,2
DA:278,3
DA:281,1
DA:285,3
DA:288,1
DA:289,1
DA:290,1
DA:292,1
DA:293,1
DA:295,0
LF:140
LH:117
end_of_record
SF:lib\common\constants.dart
DA:15,4
DA:16,2
DA:17,21
DA:19,0
DA:21,0
DA:25,0
DA:26,0
DA:27,0
DA:28,0
DA:29,0
LF:10
LH:3
end_of_record
SF:lib\presentation\pages\tv_series_detail_page.dart
DA:16,1
DA:18,1
DA:19,1
DA:23,1
DA:25,1
DA:26,6
DA:27,6
DA:28,6
DA:31,1
DA:33,2
DA:35,1
DA:36,1
DA:37,1
DA:38,2
DA:39,0
DA:40,0
DA:42,1
DA:43,1
DA:44,1
DA:45,1
DA:47,1
DA:48,1
DA:52,0
DA:53,0
DA:54,0
DA:55,0
DA:57,0
DA:69,1
DA:71,1
DA:73,3
DA:74,1
DA:75,1
DA:76,1
DA:77,3
DA:79,2
DA:80,1
DA:82,0
DA:84,1
DA:86,1
DA:87,1
DA:88,1
DA:89,1
DA:91,2
DA:98,1
DA:99,1
DA:100,1
DA:102,1
DA:104,1
DA:106,1
DA:107,1
DA:108,2
DA:109,1
DA:111,1
DA:112,1
DA:113,1
DA:115,1
DA:116,3
DA:119,0
DA:120,0
DA:122,1
DA:124,1
DA:125,1
DA:126,2
DA:135,1
DA:136,4
DA:138,1
DA:140,1
DA:141,1
DA:142,1
DA:143,1
DA:144,1
DA:148,1
DA:149,3
DA:151,1
DA:152,1
DA:153,1
DA:154,3
DA:156,2
DA:162,4
DA:165,1
DA:166,1
DA:168,1
DA:170,1
DA:171,2
DA:173,1
DA:174,1
DA:176,1
DA:178,1
DA:180,1
DA:181,1
DA:182,1
DA:183,0
DA:184,0
DA:186,1
DA:187,0
DA:188,0
DA:190,1
DA:191,1
DA:193,1
DA:195,1
DA:196,2
DA:197,1
DA:199,1
DA:200,0
DA:201,0
DA:204,0
DA:207,1
DA:208,1
DA:209,1
DA:211,1
DA:213,2
DA:214,1
DA:215,1
DA:217,1
DA:220,0
DA:221,0
DA:227,2
DA:231,0
DA:239,1
DA:241,1
DA:254,1
DA:256,1
DA:259,1
DA:260,1
DA:261,0
DA:262,0
DA:271,1
DA:273,2
DA:274,3
DA:277,1
DA:281,3
LF:131
LH:109
end_of_record
SF:lib\presentation\pages\on_air_tv_series.dart
DA:9,1
DA:10,1
DA:14,1
DA:16,1
DA:17,1
DA:18,5
DA:22,1
DA:24,1
DA:25,1
DA:26,1
DA:28,1
DA:30,1
DA:31,1
DA:32,2
DA:33,1
DA:34,1
DA:36,1
DA:37,1
DA:38,1
DA:39,2
DA:40,1
DA:42,2
DA:44,1
DA:45,1
DA:46,1
DA:47,2
DA:50,0
LF:27
LH:26
end_of_record
SF:lib\presentation\widgets\tv_series_cart_list.dart
DA:10,2
DA:12,2
DA:14,2
DA:16,2
DA:17,0
DA:18,0
DA:21,0
DA:24,2
DA:26,2
DA:27,2
DA:28,2
DA:34,2
DA:36,2
DA:37,2
DA:38,4
DA:41,2
DA:43,2
DA:44,2
DA:45,4
DA:53,2
DA:58,2
DA:59,2
DA:60,6
DA:62,4
DA:63,2
DA:65,0
DA:67,4
LF:27
LH:23
end_of_record
SF:lib\presentation\pages\popular_movies_page.dart
DA:11,1
DA:12,1
DA:16,1
DA:18,1
DA:19,1
DA:20,5
DA:23,1
DA:25,1
DA:26,1
DA:27,1
DA:29,1
DA:31,1
DA:32,1
DA:33,1
DA:34,1
DA:35,1
DA:37,1
DA:38,1
DA:39,1
DA:40,2
DA:41,1
DA:43,2
DA:45,1
DA:46,1
DA:47,1
DA:48,2
DA:51,0
LF:27
LH:26
end_of_record
SF:lib\presentation\widgets\movie_card_list.dart
DA:10,3
DA:12,3
DA:14,3
DA:16,3
DA:17,0
DA:18,0
DA:21,0
DA:24,3
DA:26,3
DA:27,3
DA:28,3
DA:34,3
DA:36,3
DA:37,3
DA:38,6
DA:41,3
DA:43,3
DA:44,3
DA:45,6
DA:53,3
DA:58,3
DA:59,3
DA:60,9
DA:62,6
DA:63,3
DA:65,0
DA:67,6
LF:27
LH:23
end_of_record
SF:lib\presentation\pages\popular_tv_series.dart
DA:9,1
DA:10,1
DA:14,1
DA:16,1
DA:17,1
DA:18,5
DA:22,1
DA:24,1
DA:25,1
DA:26,1
DA:28,1
DA:30,1
DA:31,1
DA:32,2
DA:33,1
DA:34,1
DA:36,1
DA:37,1
DA:38,1
DA:39,2
DA:40,1
DA:42,2
DA:44,1
DA:45,1
DA:46,1
DA:47,2
DA:50,0
DA:51,0
LF:28
LH:26
end_of_record
SF:lib\presentation\pages\top_rated_movies_page.dart
DA:11,1
DA:12,1
DA:16,1
DA:18,1
DA:19,1
DA:20,5
DA:23,1
DA:25,1
DA:26,1
DA:27,1
DA:29,1
DA:31,1
DA:32,1
DA:33,1
DA:34,1
DA:35,1
DA:37,1
DA:38,1
DA:39,1
DA:40,2
DA:41,1
DA:43,2
DA:45,1
DA:46,1
DA:47,1
DA:48,2
DA:51,0
DA:52,0
LF:28
LH:26
end_of_record
SF:lib\presentation\pages\watchlist_page.dart
DA:12,1
DA:13,1
DA:20,1
DA:22,1
DA:23,2
DA:24,1
DA:25,1
DA:26,4
DA:27,4
DA:32,1
DA:34,1
DA:35,4
DA:38,0
DA:39,0
DA:40,0
DA:43,1
DA:45,1
DA:46,1
DA:47,1
DA:49,1
DA:51,1
DA:52,1
DA:53,1
DA:55,1
DA:57,1
DA:58,1
DA:60,1
DA:61,1
DA:62,1
DA:63,1
DA:68,1
DA:69,1
DA:71,1
DA:76,1
DA:78,1
DA:87,1
DA:88,1
DA:89,1
DA:90,1
DA:91,1
DA:92,1
DA:93,1
DA:94,1
DA:95,1
DA:96,1
DA:98,1
DA:99,3
DA:100,1
DA:101,1
DA:102,2
DA:103,1
DA:105,2
DA:107,0
DA:108,0
DA:110,1
DA:111,1
DA:112,1
DA:113,2
DA:116,0
DA:120,1
DA:121,0
DA:122,0
DA:123,0
DA:124,0
DA:125,0
DA:127,0
DA:128,0
DA:129,0
DA:130,0
DA:131,0
DA:132,0
DA:134,0
DA:136,0
DA:137,0
DA:139,0
DA:140,0
DA:141,0
DA:142,0
DA:145,0
DA:158,1
DA:160,2
DA:161,2
DA:162,1
LF:83
LH:58
end_of_record
SF:lib\common\utils.dart
DA:3,3
LF:1
LH:1
end_of_record
